2024-12-02T00:53:59.437-05:00  INFO 91741 --- [weather_alert_app] [restartedMain] c.e.w.WeatherAlertAppApplication         : Starting WeatherAlertAppApplication using Java 23 with PID 91741 (/Users/sallypark/IdeaProjects/weather_alert_app/target/classes started by sallypark in /Users/sallypark/IdeaProjects/weather_alert_app)
2024-12-02T00:53:59.442-05:00  INFO 91741 --- [weather_alert_app] [restartedMain] c.e.w.WeatherAlertAppApplication         : No active profile set, falling back to 1 default profile: "default"
2024-12-02T00:53:59.469-05:00  INFO 91741 --- [weather_alert_app] [restartedMain] .e.DevToolsPropertyDefaultsPostProcessor : Devtools property defaults active! Set 'spring.devtools.add-properties' to 'false' to disable
2024-12-02T00:53:59.469-05:00  INFO 91741 --- [weather_alert_app] [restartedMain] .e.DevToolsPropertyDefaultsPostProcessor : For additional web related logging consider setting the 'logging.level.web' property to 'DEBUG'
2024-12-02T00:53:59.870-05:00  INFO 91741 --- [weather_alert_app] [restartedMain] .s.d.r.c.RepositoryConfigurationDelegate : Bootstrapping Spring Data JPA repositories in DEFAULT mode.
2024-12-02T00:53:59.893-05:00  INFO 91741 --- [weather_alert_app] [restartedMain] .s.d.r.c.RepositoryConfigurationDelegate : Finished Spring Data repository scanning in 19 ms. Found 1 JPA repository interface.
2024-12-02T00:54:00.281-05:00  INFO 91741 --- [weather_alert_app] [restartedMain] o.s.b.w.embedded.tomcat.TomcatWebServer  : Tomcat initialized with port 8080 (http)
2024-12-02T00:54:00.290-05:00  INFO 91741 --- [weather_alert_app] [restartedMain] o.apache.catalina.core.StandardService   : Starting service [Tomcat]
2024-12-02T00:54:00.290-05:00  INFO 91741 --- [weather_alert_app] [restartedMain] o.apache.catalina.core.StandardEngine    : Starting Servlet engine: [Apache Tomcat/10.1.31]
2024-12-02T00:54:00.314-05:00  INFO 91741 --- [weather_alert_app] [restartedMain] o.a.c.c.C.[Tomcat].[localhost].[/]       : Initializing Spring embedded WebApplicationContext
2024-12-02T00:54:00.314-05:00  INFO 91741 --- [weather_alert_app] [restartedMain] w.s.c.ServletWebServerApplicationContext : Root WebApplicationContext: initialization completed in 845 ms
2024-12-02T00:54:00.329-05:00  INFO 91741 --- [weather_alert_app] [restartedMain] com.zaxxer.hikari.HikariDataSource       : HikariPool-1 - Starting...
2024-12-02T00:54:00.425-05:00  INFO 91741 --- [weather_alert_app] [restartedMain] com.zaxxer.hikari.pool.HikariPool        : HikariPool-1 - Added connection conn0: url=jdbc:h2:mem:weatherdb user=SA
2024-12-02T00:54:00.425-05:00  INFO 91741 --- [weather_alert_app] [restartedMain] com.zaxxer.hikari.HikariDataSource       : HikariPool-1 - Start completed.
2024-12-02T00:54:00.437-05:00  INFO 91741 --- [weather_alert_app] [restartedMain] o.s.b.a.h2.H2ConsoleAutoConfiguration    : H2 console available at '/h2-console'. Database available at 'jdbc:h2:mem:weatherdb'
2024-12-02T00:54:00.514-05:00  INFO 91741 --- [weather_alert_app] [restartedMain] o.hibernate.jpa.internal.util.LogHelper  : HHH000204: Processing PersistenceUnitInfo [name: default]
2024-12-02T00:54:00.553-05:00  INFO 91741 --- [weather_alert_app] [restartedMain] org.hibernate.Version                    : HHH000412: Hibernate ORM core version 6.5.3.Final
2024-12-02T00:54:00.574-05:00  INFO 91741 --- [weather_alert_app] [restartedMain] o.h.c.internal.RegionFactoryInitiator    : HHH000026: Second-level cache disabled
2024-12-02T00:54:00.740-05:00  INFO 91741 --- [weather_alert_app] [restartedMain] o.s.o.j.p.SpringPersistenceUnitInfo      : No LoadTimeWeaver setup: ignoring JPA class transformer
2024-12-02T00:54:00.767-05:00  WARN 91741 --- [weather_alert_app] [restartedMain] org.hibernate.orm.deprecation            : HHH90000025: H2Dialect does not need to be specified explicitly using 'hibernate.dialect' (remove the property setting and it will be selected by default)
2024-12-02T00:54:01.159-05:00  INFO 91741 --- [weather_alert_app] [restartedMain] o.h.e.t.j.p.i.JtaPlatformInitiator       : HHH000489: No JTA platform available (set 'hibernate.transaction.jta.platform' to enable JTA platform integration)
2024-12-02T00:54:01.188-05:00  INFO 91741 --- [weather_alert_app] [restartedMain] j.LocalContainerEntityManagerFactoryBean : Initialized JPA EntityManagerFactory for persistence unit 'default'
2024-12-02T00:54:01.512-05:00  WARN 91741 --- [weather_alert_app] [restartedMain] JpaBaseConfiguration$JpaWebConfiguration : spring.jpa.open-in-view is enabled by default. Therefore, database queries may be performed during view rendering. Explicitly configure spring.jpa.open-in-view to disable this warning
2024-12-02T00:54:01.710-05:00  INFO 91741 --- [weather_alert_app] [restartedMain] o.s.b.d.a.OptionalLiveReloadServer       : LiveReload server is running on port 35729
2024-12-02T00:54:01.748-05:00  INFO 91741 --- [weather_alert_app] [restartedMain] o.s.b.w.embedded.tomcat.TomcatWebServer  : Tomcat started on port 8080 (http) with context path '/'
2024-12-02T00:54:01.849-05:00  INFO 91741 --- [weather_alert_app] [restartedMain] o.a.c.impl.engine.AbstractCamelContext   : Apache Camel 4.6.0 (camel-1) is starting
2024-12-02T00:54:01.856-05:00  INFO 91741 --- [weather_alert_app] [restartedMain] o.a.c.impl.engine.AbstractCamelContext   : Routes startup (total:2)
2024-12-02T00:54:01.856-05:00  INFO 91741 --- [weather_alert_app] [restartedMain] o.a.c.impl.engine.AbstractCamelContext   :     Started route1 (direct://fetchWeather)
2024-12-02T00:54:01.856-05:00  INFO 91741 --- [weather_alert_app] [restartedMain] o.a.c.impl.engine.AbstractCamelContext   :     Started route2 (timer://weatherUpdate)
2024-12-02T00:54:01.856-05:00  INFO 91741 --- [weather_alert_app] [restartedMain] o.a.c.impl.engine.AbstractCamelContext   : Apache Camel 4.6.0 (camel-1) started in 6ms (build:0ms init:0ms start:6ms)
2024-12-02T00:54:01.858-05:00  INFO 91741 --- [weather_alert_app] [restartedMain] c.e.w.WeatherAlertAppApplication         : Started WeatherAlertAppApplication in 2.61 seconds (process running for 2.957)
2024-12-02T00:54:02.868-05:00  INFO 91741 --- [weather_alert_app] [Camel (camel-1) thread #1 - timer://weatherUpdate] route2                                   : Updating the weather...
2024-12-02T00:54:05.695-05:00  INFO 91741 --- [weather_alert_app] [http-nio-8080-exec-3] o.a.c.c.C.[Tomcat].[localhost].[/]       : Initializing Spring DispatcherServlet 'dispatcherServlet'
2024-12-02T00:54:05.695-05:00  INFO 91741 --- [weather_alert_app] [http-nio-8080-exec-3] o.s.web.servlet.DispatcherServlet        : Initializing Servlet 'dispatcherServlet'
2024-12-02T00:54:05.696-05:00  INFO 91741 --- [weather_alert_app] [http-nio-8080-exec-3] o.s.web.servlet.DispatcherServlet        : Completed initialization in 1 ms
2024-12-02T00:54:07.868-05:00  INFO 91741 --- [weather_alert_app] [Camel (camel-1) thread #1 - timer://weatherUpdate] route2                                   : Updating the weather...
2024-12-02T00:54:12.871-05:00  INFO 91741 --- [weather_alert_app] [Camel (camel-1) thread #1 - timer://weatherUpdate] route2                                   : Updating the weather...
2024-12-02T00:54:17.874-05:00  INFO 91741 --- [weather_alert_app] [Camel (camel-1) thread #1 - timer://weatherUpdate] route2                                   : Updating the weather...
2024-12-02T00:54:18.607-05:00  INFO 91741 --- [weather_alert_app] [http-nio-8080-exec-5] route1                                   : Fetched weather data: {"coord":{"lon":-133.7448,"lat":67.4416},"weather":[{"id":800,"main":"Clear","description":"clear sky","icon":"01n"}],"base":"stations","main":{"temp":-35.92,"feels_like":-42.92,"temp_min":-35.92,"temp_max":-35.92,"pressure":1029,"humidity":97,"sea_level":1029,"grnd_level":1025},"visibility":10000,"wind":{"speed":3,"deg":145,"gust":2.95},"clouds":{"all":8},"dt":1733118858,"sys":{"country":"CA","sunrise":1733080623,"sunset":1733091114},"timezone":-25200,"id":6169740,"name":"Tsiigehtchic","cod":200}
2024-12-02T00:54:22.878-05:00  INFO 91741 --- [weather_alert_app] [Camel (camel-1) thread #1 - timer://weatherUpdate] route2                                   : Updating the weather...
2024-12-02T00:54:23.043-05:00  INFO 91741 --- [weather_alert_app] [Camel (camel-1) thread #1 - timer://weatherUpdate] route1                                   : Fetched weather data: {"coord":{"lon":-133.7448,"lat":67.4416},"weather":[{"id":800,"main":"Clear","description":"clear sky","icon":"01n"}],"base":"stations","main":{"temp":-35.92,"feels_like":-42.92,"temp_min":-35.92,"temp_max":-35.92,"pressure":1029,"humidity":97,"sea_level":1029,"grnd_level":1025},"visibility":10000,"wind":{"speed":3,"deg":145,"gust":2.95},"clouds":{"all":8},"dt":1733118858,"sys":{"country":"CA","sunrise":1733080623,"sunset":1733091114},"timezone":-25200,"id":6169740,"name":"Tsiigehtchic","cod":200}
2024-12-02T00:54:27.884-05:00  INFO 91741 --- [weather_alert_app] [Camel (camel-1) thread #1 - timer://weatherUpdate] route2                                   : Updating the weather...
2024-12-02T00:54:27.980-05:00  INFO 91741 --- [weather_alert_app] [Camel (camel-1) thread #1 - timer://weatherUpdate] route1                                   : Fetched weather data: {"coord":{"lon":-133.7448,"lat":67.4416},"weather":[{"id":800,"main":"Clear","description":"clear sky","icon":"01n"}],"base":"stations","main":{"temp":-35.92,"feels_like":-42.92,"temp_min":-35.92,"temp_max":-35.92,"pressure":1029,"humidity":97,"sea_level":1029,"grnd_level":1025},"visibility":10000,"wind":{"speed":3,"deg":145,"gust":2.95},"clouds":{"all":8},"dt":1733118858,"sys":{"country":"CA","sunrise":1733080623,"sunset":1733091114},"timezone":-25200,"id":6169740,"name":"Tsiigehtchic","cod":200}
2024-12-02T00:54:32.888-05:00  INFO 91741 --- [weather_alert_app] [Camel (camel-1) thread #1 - timer://weatherUpdate] route2                                   : Updating the weather...
2024-12-02T00:54:32.969-05:00  INFO 91741 --- [weather_alert_app] [Camel (camel-1) thread #1 - timer://weatherUpdate] route1                                   : Fetched weather data: {"coord":{"lon":-133.7448,"lat":67.4416},"weather":[{"id":800,"main":"Clear","description":"clear sky","icon":"01n"}],"base":"stations","main":{"temp":-35.92,"feels_like":-42.92,"temp_min":-35.92,"temp_max":-35.92,"pressure":1029,"humidity":97,"sea_level":1029,"grnd_level":1025},"visibility":10000,"wind":{"speed":3,"deg":145,"gust":2.95},"clouds":{"all":8},"dt":1733118858,"sys":{"country":"CA","sunrise":1733080623,"sunset":1733091114},"timezone":-25200,"id":6169740,"name":"Tsiigehtchic","cod":200}
2024-12-02T00:54:37.894-05:00  INFO 91741 --- [weather_alert_app] [Camel (camel-1) thread #1 - timer://weatherUpdate] route2                                   : Updating the weather...
2024-12-02T00:54:37.976-05:00  INFO 91741 --- [weather_alert_app] [Camel (camel-1) thread #1 - timer://weatherUpdate] route1                                   : Fetched weather data: {"coord":{"lon":-133.7448,"lat":67.4416},"weather":[{"id":800,"main":"Clear","description":"clear sky","icon":"01n"}],"base":"stations","main":{"temp":-35.92,"feels_like":-42.92,"temp_min":-35.92,"temp_max":-35.92,"pressure":1029,"humidity":97,"sea_level":1029,"grnd_level":1025},"visibility":10000,"wind":{"speed":3,"deg":145,"gust":2.95},"clouds":{"all":8},"dt":1733118858,"sys":{"country":"CA","sunrise":1733080623,"sunset":1733091114},"timezone":-25200,"id":6169740,"name":"Tsiigehtchic","cod":200}
2024-12-02T00:54:42.899-05:00  INFO 91741 --- [weather_alert_app] [Camel (camel-1) thread #1 - timer://weatherUpdate] route2                                   : Updating the weather...
2024-12-02T00:54:42.970-05:00  INFO 91741 --- [weather_alert_app] [Camel (camel-1) thread #1 - timer://weatherUpdate] route1                                   : Fetched weather data: {"coord":{"lon":-133.7448,"lat":67.4416},"weather":[{"id":800,"main":"Clear","description":"clear sky","icon":"01n"}],"base":"stations","main":{"temp":-35.92,"feels_like":-42.92,"temp_min":-35.92,"temp_max":-35.92,"pressure":1029,"humidity":97,"sea_level":1029,"grnd_level":1025},"visibility":10000,"wind":{"speed":3,"deg":145,"gust":2.95},"clouds":{"all":8},"dt":1733118858,"sys":{"country":"CA","sunrise":1733080623,"sunset":1733091114},"timezone":-25200,"id":6169740,"name":"Tsiigehtchic","cod":200}
2024-12-02T00:54:47.903-05:00  INFO 91741 --- [weather_alert_app] [Camel (camel-1) thread #1 - timer://weatherUpdate] route2                                   : Updating the weather...
2024-12-02T00:54:47.976-05:00  INFO 91741 --- [weather_alert_app] [Camel (camel-1) thread #1 - timer://weatherUpdate] route1                                   : Fetched weather data: {"coord":{"lon":-133.7448,"lat":67.4416},"weather":[{"id":800,"main":"Clear","description":"clear sky","icon":"01n"}],"base":"stations","main":{"temp":-35.92,"feels_like":-42.92,"temp_min":-35.92,"temp_max":-35.92,"pressure":1029,"humidity":97,"sea_level":1029,"grnd_level":1025},"visibility":10000,"wind":{"speed":3,"deg":145,"gust":2.95},"clouds":{"all":8},"dt":1733118858,"sys":{"country":"CA","sunrise":1733080623,"sunset":1733091114},"timezone":-25200,"id":6169740,"name":"Tsiigehtchic","cod":200}
2024-12-02T00:54:52.909-05:00  INFO 91741 --- [weather_alert_app] [Camel (camel-1) thread #1 - timer://weatherUpdate] route2                                   : Updating the weather...
2024-12-02T00:54:52.981-05:00  INFO 91741 --- [weather_alert_app] [Camel (camel-1) thread #1 - timer://weatherUpdate] route1                                   : Fetched weather data: {"coord":{"lon":-133.7448,"lat":67.4416},"weather":[{"id":800,"main":"Clear","description":"clear sky","icon":"01n"}],"base":"stations","main":{"temp":-35.92,"feels_like":-42.92,"temp_min":-35.92,"temp_max":-35.92,"pressure":1029,"humidity":97,"sea_level":1029,"grnd_level":1025},"visibility":10000,"wind":{"speed":3,"deg":145,"gust":2.95},"clouds":{"all":8},"dt":1733118858,"sys":{"country":"CA","sunrise":1733080623,"sunset":1733091114},"timezone":-25200,"id":6169740,"name":"Tsiigehtchic","cod":200}
2024-12-02T00:54:57.914-05:00  INFO 91741 --- [weather_alert_app] [Camel (camel-1) thread #1 - timer://weatherUpdate] route2                                   : Updating the weather...
2024-12-02T00:54:57.988-05:00  INFO 91741 --- [weather_alert_app] [Camel (camel-1) thread #1 - timer://weatherUpdate] route1                                   : Fetched weather data: {"coord":{"lon":-133.7448,"lat":67.4416},"weather":[{"id":800,"main":"Clear","description":"clear sky","icon":"01n"}],"base":"stations","main":{"temp":-35.92,"feels_like":-42.92,"temp_min":-35.92,"temp_max":-35.92,"pressure":1029,"humidity":97,"sea_level":1029,"grnd_level":1025},"visibility":10000,"wind":{"speed":3,"deg":145,"gust":2.95},"clouds":{"all":8},"dt":1733118858,"sys":{"country":"CA","sunrise":1733080623,"sunset":1733091114},"timezone":-25200,"id":6169740,"name":"Tsiigehtchic","cod":200}
2024-12-02T00:55:02.919-05:00  INFO 91741 --- [weather_alert_app] [Camel (camel-1) thread #1 - timer://weatherUpdate] route2                                   : Updating the weather...
2024-12-02T00:55:02.995-05:00  INFO 91741 --- [weather_alert_app] [Camel (camel-1) thread #1 - timer://weatherUpdate] route1                                   : Fetched weather data: {"coord":{"lon":-133.7448,"lat":67.4416},"weather":[{"id":800,"main":"Clear","description":"clear sky","icon":"01n"}],"base":"stations","main":{"temp":-35.92,"feels_like":-42.92,"temp_min":-35.92,"temp_max":-35.92,"pressure":1029,"humidity":97,"sea_level":1029,"grnd_level":1025},"visibility":10000,"wind":{"speed":3,"deg":145,"gust":2.95},"clouds":{"all":8},"dt":1733118858,"sys":{"country":"CA","sunrise":1733080623,"sunset":1733091114},"timezone":-25200,"id":6169740,"name":"Tsiigehtchic","cod":200}
2024-12-02T00:55:07.924-05:00  INFO 91741 --- [weather_alert_app] [Camel (camel-1) thread #1 - timer://weatherUpdate] route2                                   : Updating the weather...
2024-12-02T00:55:07.995-05:00  INFO 91741 --- [weather_alert_app] [Camel (camel-1) thread #1 - timer://weatherUpdate] route1                                   : Fetched weather data: {"coord":{"lon":-133.7448,"lat":67.4416},"weather":[{"id":800,"main":"Clear","description":"clear sky","icon":"01n"}],"base":"stations","main":{"temp":-35.92,"feels_like":-42.92,"temp_min":-35.92,"temp_max":-35.92,"pressure":1029,"humidity":97,"sea_level":1029,"grnd_level":1025},"visibility":10000,"wind":{"speed":3,"deg":145,"gust":2.95},"clouds":{"all":8},"dt":1733118858,"sys":{"country":"CA","sunrise":1733080623,"sunset":1733091114},"timezone":-25200,"id":6169740,"name":"Tsiigehtchic","cod":200}
2024-12-02T00:55:12.926-05:00  INFO 91741 --- [weather_alert_app] [Camel (camel-1) thread #1 - timer://weatherUpdate] route2                                   : Updating the weather...
2024-12-02T00:55:12.995-05:00  INFO 91741 --- [weather_alert_app] [Camel (camel-1) thread #1 - timer://weatherUpdate] route1                                   : Fetched weather data: {"coord":{"lon":-133.7448,"lat":67.4416},"weather":[{"id":800,"main":"Clear","description":"clear sky","icon":"01n"}],"base":"stations","main":{"temp":-35.92,"feels_like":-42.92,"temp_min":-35.92,"temp_max":-35.92,"pressure":1029,"humidity":97,"sea_level":1029,"grnd_level":1025},"visibility":10000,"wind":{"speed":3,"deg":145,"gust":2.95},"clouds":{"all":8},"dt":1733118858,"sys":{"country":"CA","sunrise":1733080623,"sunset":1733091114},"timezone":-25200,"id":6169740,"name":"Tsiigehtchic","cod":200}
2024-12-02T00:55:17.930-05:00  INFO 91741 --- [weather_alert_app] [Camel (camel-1) thread #1 - timer://weatherUpdate] route2                                   : Updating the weather...
2024-12-02T00:55:17.985-05:00  INFO 91741 --- [weather_alert_app] [Camel (camel-1) thread #1 - timer://weatherUpdate] route1                                   : Fetched weather data: {"coord":{"lon":-133.7448,"lat":67.4416},"weather":[{"id":800,"main":"Clear","description":"clear sky","icon":"01n"}],"base":"stations","main":{"temp":-35.92,"feels_like":-42.92,"temp_min":-35.92,"temp_max":-35.92,"pressure":1029,"humidity":97,"sea_level":1029,"grnd_level":1025},"visibility":10000,"wind":{"speed":3,"deg":145,"gust":2.95},"clouds":{"all":8},"dt":1733118858,"sys":{"country":"CA","sunrise":1733080623,"sunset":1733091114},"timezone":-25200,"id":6169740,"name":"Tsiigehtchic","cod":200}
2024-12-02T00:55:22.937-05:00  INFO 91741 --- [weather_alert_app] [Camel (camel-1) thread #1 - timer://weatherUpdate] route2                                   : Updating the weather...
2024-12-02T00:55:23.010-05:00  INFO 91741 --- [weather_alert_app] [Camel (camel-1) thread #1 - timer://weatherUpdate] route1                                   : Fetched weather data: {"coord":{"lon":-133.7448,"lat":67.4416},"weather":[{"id":800,"main":"Clear","description":"clear sky","icon":"01n"}],"base":"stations","main":{"temp":-35.92,"feels_like":-42.92,"temp_min":-35.92,"temp_max":-35.92,"pressure":1029,"humidity":97,"sea_level":1029,"grnd_level":1025},"visibility":10000,"wind":{"speed":3,"deg":145,"gust":2.95},"clouds":{"all":8},"dt":1733118858,"sys":{"country":"CA","sunrise":1733080623,"sunset":1733091114},"timezone":-25200,"id":6169740,"name":"Tsiigehtchic","cod":200}
2024-12-02T00:55:27.940-05:00  INFO 91741 --- [weather_alert_app] [Camel (camel-1) thread #1 - timer://weatherUpdate] route2                                   : Updating the weather...
2024-12-02T00:55:27.998-05:00  INFO 91741 --- [weather_alert_app] [Camel (camel-1) thread #1 - timer://weatherUpdate] route1                                   : Fetched weather data: {"coord":{"lon":-133.7448,"lat":67.4416},"weather":[{"id":800,"main":"Clear","description":"clear sky","icon":"01n"}],"base":"stations","main":{"temp":-35.92,"feels_like":-42.92,"temp_min":-35.92,"temp_max":-35.92,"pressure":1029,"humidity":97,"sea_level":1029,"grnd_level":1025},"visibility":10000,"wind":{"speed":3,"deg":145,"gust":2.95},"clouds":{"all":8},"dt":1733118858,"sys":{"country":"CA","sunrise":1733080623,"sunset":1733091114},"timezone":-25200,"id":6169740,"name":"Tsiigehtchic","cod":200}
2024-12-02T00:55:32.946-05:00  INFO 91741 --- [weather_alert_app] [Camel (camel-1) thread #1 - timer://weatherUpdate] route2                                   : Updating the weather...
2024-12-02T00:55:33.009-05:00  INFO 91741 --- [weather_alert_app] [Camel (camel-1) thread #1 - timer://weatherUpdate] route1                                   : Fetched weather data: {"coord":{"lon":-133.7448,"lat":67.4416},"weather":[{"id":800,"main":"Clear","description":"clear sky","icon":"01n"}],"base":"stations","main":{"temp":-35.92,"feels_like":-42.92,"temp_min":-35.92,"temp_max":-35.92,"pressure":1029,"humidity":97,"sea_level":1029,"grnd_level":1025},"visibility":10000,"wind":{"speed":3,"deg":145,"gust":2.95},"clouds":{"all":8},"dt":1733118858,"sys":{"country":"CA","sunrise":1733080623,"sunset":1733091114},"timezone":-25200,"id":6169740,"name":"Tsiigehtchic","cod":200}
2024-12-02T00:55:37.949-05:00  INFO 91741 --- [weather_alert_app] [Camel (camel-1) thread #1 - timer://weatherUpdate] route2                                   : Updating the weather...
2024-12-02T00:55:38.001-05:00  INFO 91741 --- [weather_alert_app] [Camel (camel-1) thread #1 - timer://weatherUpdate] route1                                   : Fetched weather data: {"coord":{"lon":-133.7448,"lat":67.4416},"weather":[{"id":800,"main":"Clear","description":"clear sky","icon":"01n"}],"base":"stations","main":{"temp":-35.92,"feels_like":-42.92,"temp_min":-35.92,"temp_max":-35.92,"pressure":1029,"humidity":97,"sea_level":1029,"grnd_level":1025},"visibility":10000,"wind":{"speed":3,"deg":145,"gust":2.95},"clouds":{"all":8},"dt":1733118858,"sys":{"country":"CA","sunrise":1733080623,"sunset":1733091114},"timezone":-25200,"id":6169740,"name":"Tsiigehtchic","cod":200}
2024-12-02T00:55:42.954-05:00  INFO 91741 --- [weather_alert_app] [Camel (camel-1) thread #1 - timer://weatherUpdate] route2                                   : Updating the weather...
2024-12-02T00:55:43.020-05:00  INFO 91741 --- [weather_alert_app] [Camel (camel-1) thread #1 - timer://weatherUpdate] route1                                   : Fetched weather data: {"coord":{"lon":-133.7448,"lat":67.4416},"weather":[{"id":800,"main":"Clear","description":"clear sky","icon":"01n"}],"base":"stations","main":{"temp":-35.92,"feels_like":-42.92,"temp_min":-35.92,"temp_max":-35.92,"pressure":1029,"humidity":97,"sea_level":1029,"grnd_level":1025},"visibility":10000,"wind":{"speed":3,"deg":145,"gust":2.95},"clouds":{"all":8},"dt":1733118858,"sys":{"country":"CA","sunrise":1733080623,"sunset":1733091114},"timezone":-25200,"id":6169740,"name":"Tsiigehtchic","cod":200}
2024-12-02T00:55:47.960-05:00  INFO 91741 --- [weather_alert_app] [Camel (camel-1) thread #1 - timer://weatherUpdate] route2                                   : Updating the weather...
2024-12-02T00:55:48.033-05:00  INFO 91741 --- [weather_alert_app] [Camel (camel-1) thread #1 - timer://weatherUpdate] route1                                   : Fetched weather data: {"coord":{"lon":-133.7448,"lat":67.4416},"weather":[{"id":800,"main":"Clear","description":"clear sky","icon":"01n"}],"base":"stations","main":{"temp":-35.92,"feels_like":-42.92,"temp_min":-35.92,"temp_max":-35.92,"pressure":1029,"humidity":97,"sea_level":1029,"grnd_level":1025},"visibility":10000,"wind":{"speed":3,"deg":145,"gust":2.95},"clouds":{"all":8},"dt":1733118858,"sys":{"country":"CA","sunrise":1733080623,"sunset":1733091114},"timezone":-25200,"id":6169740,"name":"Tsiigehtchic","cod":200}
2024-12-02T00:55:52.967-05:00  INFO 91741 --- [weather_alert_app] [Camel (camel-1) thread #1 - timer://weatherUpdate] route2                                   : Updating the weather...
2024-12-02T00:55:53.042-05:00  INFO 91741 --- [weather_alert_app] [Camel (camel-1) thread #1 - timer://weatherUpdate] route1                                   : Fetched weather data: {"coord":{"lon":-133.7448,"lat":67.4416},"weather":[{"id":800,"main":"Clear","description":"clear sky","icon":"01n"}],"base":"stations","main":{"temp":-35.92,"feels_like":-42.92,"temp_min":-35.92,"temp_max":-35.92,"pressure":1029,"humidity":97,"sea_level":1029,"grnd_level":1025},"visibility":10000,"wind":{"speed":3,"deg":145,"gust":2.95},"clouds":{"all":8},"dt":1733118858,"sys":{"country":"CA","sunrise":1733080623,"sunset":1733091114},"timezone":-25200,"id":6169740,"name":"Tsiigehtchic","cod":200}
2024-12-02T00:55:57.972-05:00  INFO 91741 --- [weather_alert_app] [Camel (camel-1) thread #1 - timer://weatherUpdate] route2                                   : Updating the weather...
2024-12-02T00:55:58.050-05:00  INFO 91741 --- [weather_alert_app] [Camel (camel-1) thread #1 - timer://weatherUpdate] route1                                   : Fetched weather data: {"coord":{"lon":-133.7448,"lat":67.4416},"weather":[{"id":800,"main":"Clear","description":"clear sky","icon":"01n"}],"base":"stations","main":{"temp":-35.92,"feels_like":-42.92,"temp_min":-35.92,"temp_max":-35.92,"pressure":1029,"humidity":97,"sea_level":1029,"grnd_level":1025},"visibility":10000,"wind":{"speed":3,"deg":145,"gust":2.95},"clouds":{"all":8},"dt":1733118858,"sys":{"country":"CA","sunrise":1733080623,"sunset":1733091114},"timezone":-25200,"id":6169740,"name":"Tsiigehtchic","cod":200}
2024-12-02T00:56:02.973-05:00  INFO 91741 --- [weather_alert_app] [Camel (camel-1) thread #1 - timer://weatherUpdate] route2                                   : Updating the weather...
2024-12-02T00:56:03.034-05:00  INFO 91741 --- [weather_alert_app] [Camel (camel-1) thread #1 - timer://weatherUpdate] route1                                   : Fetched weather data: {"coord":{"lon":-133.7448,"lat":67.4416},"weather":[{"id":800,"main":"Clear","description":"clear sky","icon":"01n"}],"base":"stations","main":{"temp":-35.92,"feels_like":-42.92,"temp_min":-35.92,"temp_max":-35.92,"pressure":1029,"humidity":97,"sea_level":1029,"grnd_level":1025},"visibility":10000,"wind":{"speed":3,"deg":145,"gust":2.95},"clouds":{"all":8},"dt":1733118858,"sys":{"country":"CA","sunrise":1733080623,"sunset":1733091114},"timezone":-25200,"id":6169740,"name":"Tsiigehtchic","cod":200}
2024-12-02T00:56:07.978-05:00  INFO 91741 --- [weather_alert_app] [Camel (camel-1) thread #1 - timer://weatherUpdate] route2                                   : Updating the weather...
2024-12-02T00:56:08.142-05:00  INFO 91741 --- [weather_alert_app] [Camel (camel-1) thread #1 - timer://weatherUpdate] route1                                   : Fetched weather data: {"coord":{"lon":-133.7448,"lat":67.4416},"weather":[{"id":800,"main":"Clear","description":"clear sky","icon":"01n"}],"base":"stations","main":{"temp":-35.92,"feels_like":-42.92,"temp_min":-35.92,"temp_max":-35.92,"pressure":1029,"humidity":97,"sea_level":1029,"grnd_level":1025},"visibility":10000,"wind":{"speed":3,"deg":145,"gust":2.95},"clouds":{"all":8},"dt":1733118858,"sys":{"country":"CA","sunrise":1733080623,"sunset":1733091114},"timezone":-25200,"id":6169740,"name":"Tsiigehtchic","cod":200}
2024-12-02T00:56:11.703-05:00  INFO 91741 --- [weather_alert_app] [File Watcher] rtingClassPathChangeChangedEventListener : Restarting due to 1 class path change (0 additions, 0 deletions, 1 modification)
2024-12-02T00:56:11.720-05:00  INFO 91741 --- [weather_alert_app] [Thread-5] o.a.c.impl.engine.AbstractCamelContext   : Apache Camel 4.6.0 (camel-1) is shutting down (timeout:45s)
2024-12-02T00:56:11.726-05:00  INFO 91741 --- [weather_alert_app] [Thread-5] o.a.c.impl.engine.AbstractCamelContext   : Routes stopped (total:2)
2024-12-02T00:56:11.726-05:00  INFO 91741 --- [weather_alert_app] [Thread-5] o.a.c.impl.engine.AbstractCamelContext   :     Stopped route2 (timer://weatherUpdate)
2024-12-02T00:56:11.726-05:00  INFO 91741 --- [weather_alert_app] [Thread-5] o.a.c.impl.engine.AbstractCamelContext   :     Stopped route1 (direct://fetchWeather)
2024-12-02T00:56:11.729-05:00  INFO 91741 --- [weather_alert_app] [Thread-5] o.a.c.impl.engine.AbstractCamelContext   : Apache Camel 4.6.0 (camel-1) shutdown in 9ms (uptime:2m9s)
2024-12-02T00:56:11.734-05:00  INFO 91741 --- [weather_alert_app] [Thread-5] j.LocalContainerEntityManagerFactoryBean : Closing JPA EntityManagerFactory for persistence unit 'default'
2024-12-02T00:56:11.742-05:00  WARN 91741 --- [weather_alert_app] [Thread-5] o.s.b.f.support.DisposableBeanAdapter    : Invocation of destroy method failed on bean with name 'inMemoryDatabaseShutdownExecutor': org.h2.jdbc.JdbcSQLNonTransientConnectionException: Database is already closed (to disable automatic closing at VM shutdown, add ";DB_CLOSE_ON_EXIT=FALSE" to the db URL) [90121-224]
2024-12-02T00:56:11.742-05:00  INFO 91741 --- [weather_alert_app] [Thread-5] com.zaxxer.hikari.HikariDataSource       : HikariPool-1 - Shutdown initiated...
2024-12-02T00:56:11.744-05:00  INFO 91741 --- [weather_alert_app] [Thread-5] com.zaxxer.hikari.HikariDataSource       : HikariPool-1 - Shutdown completed.
2024-12-02T00:56:11.806-05:00  INFO 91741 --- [weather_alert_app] [restartedMain] c.e.w.WeatherAlertAppApplication         : Starting WeatherAlertAppApplication using Java 23 with PID 91741 (/Users/sallypark/IdeaProjects/weather_alert_app/target/classes started by sallypark in /Users/sallypark/IdeaProjects/weather_alert_app)
2024-12-02T00:56:11.806-05:00  INFO 91741 --- [weather_alert_app] [restartedMain] c.e.w.WeatherAlertAppApplication         : No active profile set, falling back to 1 default profile: "default"
2024-12-02T00:56:11.910-05:00  INFO 91741 --- [weather_alert_app] [restartedMain] .s.d.r.c.RepositoryConfigurationDelegate : Bootstrapping Spring Data JPA repositories in DEFAULT mode.
2024-12-02T00:56:11.913-05:00  INFO 91741 --- [weather_alert_app] [restartedMain] .s.d.r.c.RepositoryConfigurationDelegate : Finished Spring Data repository scanning in 3 ms. Found 1 JPA repository interface.
2024-12-02T00:56:11.975-05:00  INFO 91741 --- [weather_alert_app] [restartedMain] o.s.b.w.embedded.tomcat.TomcatWebServer  : Tomcat initialized with port 8080 (http)
2024-12-02T00:56:11.975-05:00  INFO 91741 --- [weather_alert_app] [restartedMain] o.apache.catalina.core.StandardService   : Starting service [Tomcat]
2024-12-02T00:56:11.975-05:00  INFO 91741 --- [weather_alert_app] [restartedMain] o.apache.catalina.core.StandardEngine    : Starting Servlet engine: [Apache Tomcat/10.1.31]
2024-12-02T00:56:11.981-05:00  INFO 91741 --- [weather_alert_app] [restartedMain] o.a.c.c.C.[Tomcat].[localhost].[/]       : Initializing Spring embedded WebApplicationContext
2024-12-02T00:56:11.982-05:00  INFO 91741 --- [weather_alert_app] [restartedMain] w.s.c.ServletWebServerApplicationContext : Root WebApplicationContext: initialization completed in 175 ms
2024-12-02T00:56:11.988-05:00  INFO 91741 --- [weather_alert_app] [restartedMain] com.zaxxer.hikari.HikariDataSource       : HikariPool-2 - Starting...
2024-12-02T00:56:11.992-05:00  INFO 91741 --- [weather_alert_app] [restartedMain] com.zaxxer.hikari.pool.HikariPool        : HikariPool-2 - Added connection conn10: url=jdbc:h2:mem:weatherdb user=SA
2024-12-02T00:56:11.992-05:00  INFO 91741 --- [weather_alert_app] [restartedMain] com.zaxxer.hikari.HikariDataSource       : HikariPool-2 - Start completed.
2024-12-02T00:56:11.992-05:00  INFO 91741 --- [weather_alert_app] [restartedMain] o.s.b.a.h2.H2ConsoleAutoConfiguration    : H2 console available at '/h2-console'. Database available at 'jdbc:h2:mem:weatherdb'
2024-12-02T00:56:12.015-05:00  INFO 91741 --- [weather_alert_app] [restartedMain] o.hibernate.jpa.internal.util.LogHelper  : HHH000204: Processing PersistenceUnitInfo [name: default]
2024-12-02T00:56:12.017-05:00  INFO 91741 --- [weather_alert_app] [restartedMain] o.h.c.internal.RegionFactoryInitiator    : HHH000026: Second-level cache disabled
2024-12-02T00:56:12.021-05:00  INFO 91741 --- [weather_alert_app] [restartedMain] o.s.o.j.p.SpringPersistenceUnitInfo      : No LoadTimeWeaver setup: ignoring JPA class transformer
2024-12-02T00:56:12.023-05:00  WARN 91741 --- [weather_alert_app] [restartedMain] org.hibernate.orm.deprecation            : HHH90000025: H2Dialect does not need to be specified explicitly using 'hibernate.dialect' (remove the property setting and it will be selected by default)
2024-12-02T00:56:12.042-05:00  INFO 91741 --- [weather_alert_app] [restartedMain] o.h.e.t.j.p.i.JtaPlatformInitiator       : HHH000489: No JTA platform available (set 'hibernate.transaction.jta.platform' to enable JTA platform integration)
2024-12-02T00:56:12.044-05:00  INFO 91741 --- [weather_alert_app] [restartedMain] j.LocalContainerEntityManagerFactoryBean : Initialized JPA EntityManagerFactory for persistence unit 'default'
2024-12-02T00:56:12.130-05:00  WARN 91741 --- [weather_alert_app] [restartedMain] JpaBaseConfiguration$JpaWebConfiguration : spring.jpa.open-in-view is enabled by default. Therefore, database queries may be performed during view rendering. Explicitly configure spring.jpa.open-in-view to disable this warning
2024-12-02T00:56:12.224-05:00  INFO 91741 --- [weather_alert_app] [restartedMain] o.s.b.d.a.OptionalLiveReloadServer       : LiveReload server is running on port 35729
2024-12-02T00:56:12.245-05:00  INFO 91741 --- [weather_alert_app] [restartedMain] o.s.b.w.embedded.tomcat.TomcatWebServer  : Tomcat started on port 8080 (http) with context path '/'
2024-12-02T00:56:12.272-05:00  INFO 91741 --- [weather_alert_app] [restartedMain] o.a.c.impl.engine.AbstractCamelContext   : Apache Camel 4.6.0 (camel-2) is starting
2024-12-02T00:56:12.273-05:00  INFO 91741 --- [weather_alert_app] [restartedMain] o.a.c.impl.engine.AbstractCamelContext   : Routes startup (total:2)
2024-12-02T00:56:12.273-05:00  INFO 91741 --- [weather_alert_app] [restartedMain] o.a.c.impl.engine.AbstractCamelContext   :     Started route3 (direct://fetchWeather)
2024-12-02T00:56:12.273-05:00  INFO 91741 --- [weather_alert_app] [restartedMain] o.a.c.impl.engine.AbstractCamelContext   :     Started route4 (timer://weatherUpdate)
2024-12-02T00:56:12.273-05:00  INFO 91741 --- [weather_alert_app] [restartedMain] o.a.c.impl.engine.AbstractCamelContext   : Apache Camel 4.6.0 (camel-2) started in 1ms (build:0ms init:0ms start:1ms)
2024-12-02T00:56:12.274-05:00  INFO 91741 --- [weather_alert_app] [restartedMain] c.e.w.WeatherAlertAppApplication         : Started WeatherAlertAppApplication in 0.479 seconds (process running for 133.373)
2024-12-02T00:56:12.275-05:00  INFO 91741 --- [weather_alert_app] [restartedMain] .ConditionEvaluationDeltaLoggingListener : Condition evaluation unchanged
2024-12-02T00:56:13.278-05:00  INFO 91741 --- [weather_alert_app] [Camel (camel-2) thread #3 - timer://weatherUpdate] route4                                   : Updating the weather...
2024-12-02T00:56:18.283-05:00  INFO 91741 --- [weather_alert_app] [Camel (camel-2) thread #3 - timer://weatherUpdate] route4                                   : Updating the weather...
2024-12-02T00:56:23.284-05:00  INFO 91741 --- [weather_alert_app] [Camel (camel-2) thread #3 - timer://weatherUpdate] route4                                   : Updating the weather...
2024-12-02T00:56:25.133-05:00  INFO 91741 --- [weather_alert_app] [File Watcher] rtingClassPathChangeChangedEventListener : Restarting due to 1 class path change (0 additions, 0 deletions, 1 modification)
2024-12-02T00:56:25.138-05:00  INFO 91741 --- [weather_alert_app] [Thread-9] o.a.c.impl.engine.AbstractCamelContext   : Apache Camel 4.6.0 (camel-2) is shutting down (timeout:45s)
2024-12-02T00:56:25.140-05:00  INFO 91741 --- [weather_alert_app] [Thread-9] o.a.c.impl.engine.AbstractCamelContext   : Routes stopped (total:2)
2024-12-02T00:56:25.140-05:00  INFO 91741 --- [weather_alert_app] [Thread-9] o.a.c.impl.engine.AbstractCamelContext   :     Stopped route4 (timer://weatherUpdate)
2024-12-02T00:56:25.140-05:00  INFO 91741 --- [weather_alert_app] [Thread-9] o.a.c.impl.engine.AbstractCamelContext   :     Stopped route3 (direct://fetchWeather)
2024-12-02T00:56:25.141-05:00  INFO 91741 --- [weather_alert_app] [Thread-9] o.a.c.impl.engine.AbstractCamelContext   : Apache Camel 4.6.0 (camel-2) shutdown in 2ms (uptime:12s)
2024-12-02T00:56:25.144-05:00  INFO 91741 --- [weather_alert_app] [Thread-9] j.LocalContainerEntityManagerFactoryBean : Closing JPA EntityManagerFactory for persistence unit 'default'
2024-12-02T00:56:25.145-05:00  WARN 91741 --- [weather_alert_app] [Thread-9] o.s.b.f.support.DisposableBeanAdapter    : Invocation of destroy method failed on bean with name 'inMemoryDatabaseShutdownExecutor': org.h2.jdbc.JdbcSQLNonTransientConnectionException: Database is already closed (to disable automatic closing at VM shutdown, add ";DB_CLOSE_ON_EXIT=FALSE" to the db URL) [90121-224]
2024-12-02T00:56:25.145-05:00  INFO 91741 --- [weather_alert_app] [Thread-9] com.zaxxer.hikari.HikariDataSource       : HikariPool-2 - Shutdown initiated...
2024-12-02T00:56:25.146-05:00  INFO 91741 --- [weather_alert_app] [Thread-9] com.zaxxer.hikari.HikariDataSource       : HikariPool-2 - Shutdown completed.
2024-12-02T00:56:25.213-05:00  INFO 91741 --- [weather_alert_app] [restartedMain] c.e.w.WeatherAlertAppApplication         : Starting WeatherAlertAppApplication using Java 23 with PID 91741 (/Users/sallypark/IdeaProjects/weather_alert_app/target/classes started by sallypark in /Users/sallypark/IdeaProjects/weather_alert_app)
2024-12-02T00:56:25.213-05:00  INFO 91741 --- [weather_alert_app] [restartedMain] c.e.w.WeatherAlertAppApplication         : No active profile set, falling back to 1 default profile: "default"
2024-12-02T00:56:25.305-05:00  INFO 91741 --- [weather_alert_app] [restartedMain] .s.d.r.c.RepositoryConfigurationDelegate : Bootstrapping Spring Data JPA repositories in DEFAULT mode.
2024-12-02T00:56:25.308-05:00  INFO 91741 --- [weather_alert_app] [restartedMain] .s.d.r.c.RepositoryConfigurationDelegate : Finished Spring Data repository scanning in 2 ms. Found 1 JPA repository interface.
2024-12-02T00:56:25.362-05:00  INFO 91741 --- [weather_alert_app] [restartedMain] o.s.b.w.embedded.tomcat.TomcatWebServer  : Tomcat initialized with port 8080 (http)
2024-12-02T00:56:25.363-05:00  INFO 91741 --- [weather_alert_app] [restartedMain] o.apache.catalina.core.StandardService   : Starting service [Tomcat]
2024-12-02T00:56:25.363-05:00  INFO 91741 --- [weather_alert_app] [restartedMain] o.apache.catalina.core.StandardEngine    : Starting Servlet engine: [Apache Tomcat/10.1.31]
2024-12-02T00:56:25.368-05:00  INFO 91741 --- [weather_alert_app] [restartedMain] o.a.c.c.C.[Tomcat].[localhost].[/]       : Initializing Spring embedded WebApplicationContext
2024-12-02T00:56:25.368-05:00  INFO 91741 --- [weather_alert_app] [restartedMain] w.s.c.ServletWebServerApplicationContext : Root WebApplicationContext: initialization completed in 154 ms
2024-12-02T00:56:25.374-05:00  INFO 91741 --- [weather_alert_app] [restartedMain] com.zaxxer.hikari.HikariDataSource       : HikariPool-3 - Starting...
2024-12-02T00:56:25.376-05:00  INFO 91741 --- [weather_alert_app] [restartedMain] com.zaxxer.hikari.pool.HikariPool        : HikariPool-3 - Added connection conn20: url=jdbc:h2:mem:weatherdb user=SA
2024-12-02T00:56:25.376-05:00  INFO 91741 --- [weather_alert_app] [restartedMain] com.zaxxer.hikari.HikariDataSource       : HikariPool-3 - Start completed.
2024-12-02T00:56:25.376-05:00  INFO 91741 --- [weather_alert_app] [restartedMain] o.s.b.a.h2.H2ConsoleAutoConfiguration    : H2 console available at '/h2-console'. Database available at 'jdbc:h2:mem:weatherdb'
2024-12-02T00:56:25.389-05:00  INFO 91741 --- [weather_alert_app] [restartedMain] o.hibernate.jpa.internal.util.LogHelper  : HHH000204: Processing PersistenceUnitInfo [name: default]
2024-12-02T00:56:25.390-05:00  INFO 91741 --- [weather_alert_app] [restartedMain] o.h.c.internal.RegionFactoryInitiator    : HHH000026: Second-level cache disabled
2024-12-02T00:56:25.393-05:00  INFO 91741 --- [weather_alert_app] [restartedMain] o.s.o.j.p.SpringPersistenceUnitInfo      : No LoadTimeWeaver setup: ignoring JPA class transformer
2024-12-02T00:56:25.394-05:00  WARN 91741 --- [weather_alert_app] [restartedMain] org.hibernate.orm.deprecation            : HHH90000025: H2Dialect does not need to be specified explicitly using 'hibernate.dialect' (remove the property setting and it will be selected by default)
2024-12-02T00:56:25.413-05:00  INFO 91741 --- [weather_alert_app] [restartedMain] o.h.e.t.j.p.i.JtaPlatformInitiator       : HHH000489: No JTA platform available (set 'hibernate.transaction.jta.platform' to enable JTA platform integration)
2024-12-02T00:56:25.418-05:00  INFO 91741 --- [weather_alert_app] [restartedMain] j.LocalContainerEntityManagerFactoryBean : Initialized JPA EntityManagerFactory for persistence unit 'default'
2024-12-02T00:56:25.501-05:00  WARN 91741 --- [weather_alert_app] [restartedMain] JpaBaseConfiguration$JpaWebConfiguration : spring.jpa.open-in-view is enabled by default. Therefore, database queries may be performed during view rendering. Explicitly configure spring.jpa.open-in-view to disable this warning
2024-12-02T00:56:25.592-05:00  INFO 91741 --- [weather_alert_app] [restartedMain] o.s.b.d.a.OptionalLiveReloadServer       : LiveReload server is running on port 35729
2024-12-02T00:56:25.613-05:00  INFO 91741 --- [weather_alert_app] [restartedMain] o.s.b.w.embedded.tomcat.TomcatWebServer  : Tomcat started on port 8080 (http) with context path '/'
2024-12-02T00:56:25.639-05:00  INFO 91741 --- [weather_alert_app] [restartedMain] o.a.c.impl.engine.AbstractCamelContext   : Apache Camel 4.6.0 (camel-3) is starting
2024-12-02T00:56:25.640-05:00  INFO 91741 --- [weather_alert_app] [restartedMain] o.a.c.impl.engine.AbstractCamelContext   : Routes startup (total:2)
2024-12-02T00:56:25.640-05:00  INFO 91741 --- [weather_alert_app] [restartedMain] o.a.c.impl.engine.AbstractCamelContext   :     Started route5 (direct://fetchWeather)
2024-12-02T00:56:25.640-05:00  INFO 91741 --- [weather_alert_app] [restartedMain] o.a.c.impl.engine.AbstractCamelContext   :     Started route6 (timer://weatherUpdate)
2024-12-02T00:56:25.640-05:00  INFO 91741 --- [weather_alert_app] [restartedMain] o.a.c.impl.engine.AbstractCamelContext   : Apache Camel 4.6.0 (camel-3) started in 0ms (build:0ms init:0ms start:0ms)
2024-12-02T00:56:25.641-05:00  INFO 91741 --- [weather_alert_app] [restartedMain] c.e.w.WeatherAlertAppApplication         : Started WeatherAlertAppApplication in 0.438 seconds (process running for 146.74)
2024-12-02T00:56:25.642-05:00  INFO 91741 --- [weather_alert_app] [restartedMain] .ConditionEvaluationDeltaLoggingListener : Condition evaluation unchanged
2024-12-02T00:56:26.641-05:00  INFO 91741 --- [weather_alert_app] [Camel (camel-3) thread #5 - timer://weatherUpdate] route6                                   : Updating the weather...
2024-12-02T00:56:31.642-05:00  INFO 91741 --- [weather_alert_app] [Camel (camel-3) thread #5 - timer://weatherUpdate] route6                                   : Updating the weather...
2024-12-02T00:56:33.214-05:00  INFO 91741 --- [weather_alert_app] [SpringApplicationShutdownHook] o.a.c.impl.engine.AbstractCamelContext   : Apache Camel 4.6.0 (camel-3) is shutting down (timeout:45s)
2024-12-02T00:56:33.215-05:00  INFO 91741 --- [weather_alert_app] [SpringApplicationShutdownHook] o.a.c.impl.engine.AbstractCamelContext   : Routes stopped (total:2)
2024-12-02T00:56:33.215-05:00  INFO 91741 --- [weather_alert_app] [SpringApplicationShutdownHook] o.a.c.impl.engine.AbstractCamelContext   :     Stopped route6 (timer://weatherUpdate)
2024-12-02T00:56:33.215-05:00  INFO 91741 --- [weather_alert_app] [SpringApplicationShutdownHook] o.a.c.impl.engine.AbstractCamelContext   :     Stopped route5 (direct://fetchWeather)
2024-12-02T00:56:33.215-05:00  INFO 91741 --- [weather_alert_app] [SpringApplicationShutdownHook] o.a.c.impl.engine.AbstractCamelContext   : Apache Camel 4.6.0 (camel-3) shutdown in 1ms (uptime:7s)
2024-12-02T00:56:33.217-05:00  INFO 91741 --- [weather_alert_app] [SpringApplicationShutdownHook] j.LocalContainerEntityManagerFactoryBean : Closing JPA EntityManagerFactory for persistence unit 'default'
2024-12-02T00:56:33.217-05:00  WARN 91741 --- [weather_alert_app] [SpringApplicationShutdownHook] o.s.b.f.support.DisposableBeanAdapter    : Invocation of destroy method failed on bean with name 'inMemoryDatabaseShutdownExecutor': org.h2.jdbc.JdbcSQLNonTransientConnectionException: Database is already closed (to disable automatic closing at VM shutdown, add ";DB_CLOSE_ON_EXIT=FALSE" to the db URL) [90121-224]
2024-12-02T00:56:33.217-05:00  INFO 91741 --- [weather_alert_app] [SpringApplicationShutdownHook] com.zaxxer.hikari.HikariDataSource       : HikariPool-3 - Shutdown initiated...
2024-12-02T00:56:33.217-05:00  INFO 91741 --- [weather_alert_app] [SpringApplicationShutdownHook] com.zaxxer.hikari.HikariDataSource       : HikariPool-3 - Shutdown completed.
2024-12-02T00:58:52.158-05:00  INFO 91884 --- [weather_alert_app] [restartedMain] c.e.w.WeatherAlertAppApplication         : Starting WeatherAlertAppApplication using Java 23 with PID 91884 (/Users/sallypark/IdeaProjects/weather_alert_app/target/classes started by sallypark in /Users/sallypark/IdeaProjects/weather_alert_app)
2024-12-02T00:58:52.159-05:00  INFO 91884 --- [weather_alert_app] [restartedMain] c.e.w.WeatherAlertAppApplication         : No active profile set, falling back to 1 default profile: "default"
2024-12-02T00:58:52.185-05:00  INFO 91884 --- [weather_alert_app] [restartedMain] .e.DevToolsPropertyDefaultsPostProcessor : Devtools property defaults active! Set 'spring.devtools.add-properties' to 'false' to disable
2024-12-02T00:58:52.185-05:00  INFO 91884 --- [weather_alert_app] [restartedMain] .e.DevToolsPropertyDefaultsPostProcessor : For additional web related logging consider setting the 'logging.level.web' property to 'DEBUG'
2024-12-02T00:58:52.562-05:00  INFO 91884 --- [weather_alert_app] [restartedMain] .s.d.r.c.RepositoryConfigurationDelegate : Bootstrapping Spring Data JPA repositories in DEFAULT mode.
2024-12-02T00:58:52.587-05:00  INFO 91884 --- [weather_alert_app] [restartedMain] .s.d.r.c.RepositoryConfigurationDelegate : Finished Spring Data repository scanning in 21 ms. Found 1 JPA repository interface.
2024-12-02T00:58:52.866-05:00  INFO 91884 --- [weather_alert_app] [restartedMain] o.s.b.w.embedded.tomcat.TomcatWebServer  : Tomcat initialized with port 8080 (http)
2024-12-02T00:58:52.873-05:00  INFO 91884 --- [weather_alert_app] [restartedMain] o.apache.catalina.core.StandardService   : Starting service [Tomcat]
2024-12-02T00:58:52.874-05:00  INFO 91884 --- [weather_alert_app] [restartedMain] o.apache.catalina.core.StandardEngine    : Starting Servlet engine: [Apache Tomcat/10.1.31]
2024-12-02T00:58:52.892-05:00  INFO 91884 --- [weather_alert_app] [restartedMain] o.a.c.c.C.[Tomcat].[localhost].[/]       : Initializing Spring embedded WebApplicationContext
2024-12-02T00:58:52.892-05:00  INFO 91884 --- [weather_alert_app] [restartedMain] w.s.c.ServletWebServerApplicationContext : Root WebApplicationContext: initialization completed in 707 ms
2024-12-02T00:58:52.906-05:00  INFO 91884 --- [weather_alert_app] [restartedMain] com.zaxxer.hikari.HikariDataSource       : HikariPool-1 - Starting...
2024-12-02T00:58:52.990-05:00  INFO 91884 --- [weather_alert_app] [restartedMain] com.zaxxer.hikari.pool.HikariPool        : HikariPool-1 - Added connection conn0: url=jdbc:h2:mem:weatherdb user=SA
2024-12-02T00:58:52.990-05:00  INFO 91884 --- [weather_alert_app] [restartedMain] com.zaxxer.hikari.HikariDataSource       : HikariPool-1 - Start completed.
2024-12-02T00:58:53.000-05:00  INFO 91884 --- [weather_alert_app] [restartedMain] o.s.b.a.h2.H2ConsoleAutoConfiguration    : H2 console available at '/h2-console'. Database available at 'jdbc:h2:mem:weatherdb'
2024-12-02T00:58:53.060-05:00  INFO 91884 --- [weather_alert_app] [restartedMain] o.hibernate.jpa.internal.util.LogHelper  : HHH000204: Processing PersistenceUnitInfo [name: default]
2024-12-02T00:58:53.088-05:00  INFO 91884 --- [weather_alert_app] [restartedMain] org.hibernate.Version                    : HHH000412: Hibernate ORM core version 6.5.3.Final
2024-12-02T00:58:53.103-05:00  INFO 91884 --- [weather_alert_app] [restartedMain] o.h.c.internal.RegionFactoryInitiator    : HHH000026: Second-level cache disabled
2024-12-02T00:58:53.239-05:00  INFO 91884 --- [weather_alert_app] [restartedMain] o.s.o.j.p.SpringPersistenceUnitInfo      : No LoadTimeWeaver setup: ignoring JPA class transformer
2024-12-02T00:58:53.262-05:00  WARN 91884 --- [weather_alert_app] [restartedMain] org.hibernate.orm.deprecation            : HHH90000025: H2Dialect does not need to be specified explicitly using 'hibernate.dialect' (remove the property setting and it will be selected by default)
2024-12-02T00:58:53.732-05:00  INFO 91884 --- [weather_alert_app] [restartedMain] o.h.e.t.j.p.i.JtaPlatformInitiator       : HHH000489: No JTA platform available (set 'hibernate.transaction.jta.platform' to enable JTA platform integration)
2024-12-02T00:58:53.763-05:00  INFO 91884 --- [weather_alert_app] [restartedMain] j.LocalContainerEntityManagerFactoryBean : Initialized JPA EntityManagerFactory for persistence unit 'default'
2024-12-02T00:58:54.145-05:00  WARN 91884 --- [weather_alert_app] [restartedMain] JpaBaseConfiguration$JpaWebConfiguration : spring.jpa.open-in-view is enabled by default. Therefore, database queries may be performed during view rendering. Explicitly configure spring.jpa.open-in-view to disable this warning
2024-12-02T00:58:54.367-05:00  INFO 91884 --- [weather_alert_app] [restartedMain] o.s.b.d.a.OptionalLiveReloadServer       : LiveReload server is running on port 35729
2024-12-02T00:58:54.405-05:00  INFO 91884 --- [weather_alert_app] [restartedMain] o.s.b.w.embedded.tomcat.TomcatWebServer  : Tomcat started on port 8080 (http) with context path '/'
2024-12-02T00:58:54.516-05:00  INFO 91884 --- [weather_alert_app] [restartedMain] o.a.c.impl.engine.AbstractCamelContext   : Apache Camel 4.6.0 (camel-1) is starting
2024-12-02T00:58:54.525-05:00  INFO 91884 --- [weather_alert_app] [restartedMain] o.a.c.impl.engine.AbstractCamelContext   : Routes startup (total:2)
2024-12-02T00:58:54.525-05:00  INFO 91884 --- [weather_alert_app] [restartedMain] o.a.c.impl.engine.AbstractCamelContext   :     Started route1 (direct://fetchWeather)
2024-12-02T00:58:54.525-05:00  INFO 91884 --- [weather_alert_app] [restartedMain] o.a.c.impl.engine.AbstractCamelContext   :     Started route2 (timer://weatherUpdate)
2024-12-02T00:58:54.525-05:00  INFO 91884 --- [weather_alert_app] [restartedMain] o.a.c.impl.engine.AbstractCamelContext   : Apache Camel 4.6.0 (camel-1) started in 8ms (build:0ms init:0ms start:8ms)
2024-12-02T00:58:54.528-05:00  INFO 91884 --- [weather_alert_app] [restartedMain] c.e.w.WeatherAlertAppApplication         : Started WeatherAlertAppApplication in 2.541 seconds (process running for 2.858)
2024-12-02T00:58:55.539-05:00  INFO 91884 --- [weather_alert_app] [Camel (camel-1) thread #1 - timer://weatherUpdate] route2                                   : Updating the weather...
2024-12-02T00:59:00.429-05:00  INFO 91884 --- [weather_alert_app] [http-nio-8080-exec-1] o.a.c.c.C.[Tomcat].[localhost].[/]       : Initializing Spring DispatcherServlet 'dispatcherServlet'
2024-12-02T00:59:00.430-05:00  INFO 91884 --- [weather_alert_app] [http-nio-8080-exec-1] o.s.web.servlet.DispatcherServlet        : Initializing Servlet 'dispatcherServlet'
2024-12-02T00:59:00.431-05:00  INFO 91884 --- [weather_alert_app] [http-nio-8080-exec-1] o.s.web.servlet.DispatcherServlet        : Completed initialization in 1 ms
2024-12-02T00:59:00.535-05:00  INFO 91884 --- [weather_alert_app] [Camel (camel-1) thread #1 - timer://weatherUpdate] route2                                   : Updating the weather...
2024-12-02T00:59:05.539-05:00  INFO 91884 --- [weather_alert_app] [Camel (camel-1) thread #1 - timer://weatherUpdate] route2                                   : Updating the weather...
2024-12-02T00:59:10.545-05:00  INFO 91884 --- [weather_alert_app] [Camel (camel-1) thread #1 - timer://weatherUpdate] route2                                   : Updating the weather...
2024-12-02T00:59:15.549-05:00  INFO 91884 --- [weather_alert_app] [Camel (camel-1) thread #1 - timer://weatherUpdate] route2                                   : Updating the weather...
2024-12-02T00:59:20.554-05:00  INFO 91884 --- [weather_alert_app] [Camel (camel-1) thread #1 - timer://weatherUpdate] route2                                   : Updating the weather...
2024-12-02T00:59:25.166-05:00  INFO 91884 --- [weather_alert_app] [http-nio-8080-exec-8] route1                                   : Fetched weather data: {"coord":{"lon":-133.7448,"lat":67.4416},"weather":[{"id":800,"main":"Clear","description":"clear sky","icon":"01n"}],"base":"stations","main":{"temp":-35.92,"feels_like":-42.92,"temp_min":-35.92,"temp_max":-35.92,"pressure":1029,"humidity":97,"sea_level":1029,"grnd_level":1025},"visibility":10000,"wind":{"speed":3,"deg":145,"gust":2.95},"clouds":{"all":8},"dt":1733118858,"sys":{"country":"CA","sunrise":1733080623,"sunset":1733091114},"timezone":-25200,"id":6169740,"name":"Tsiigehtchic","cod":200}
2024-12-02T00:59:25.560-05:00  INFO 91884 --- [weather_alert_app] [Camel (camel-1) thread #1 - timer://weatherUpdate] route2                                   : Updating the weather...
2024-12-02T00:59:25.736-05:00  INFO 91884 --- [weather_alert_app] [Camel (camel-1) thread #1 - timer://weatherUpdate] route1                                   : Fetched weather data: {"coord":{"lon":-133.7448,"lat":67.4416},"weather":[{"id":800,"main":"Clear","description":"clear sky","icon":"01n"}],"base":"stations","main":{"temp":-35.92,"feels_like":-42.92,"temp_min":-35.92,"temp_max":-35.92,"pressure":1029,"humidity":97,"sea_level":1029,"grnd_level":1025},"visibility":10000,"wind":{"speed":3,"deg":145,"gust":2.95},"clouds":{"all":8},"dt":1733118858,"sys":{"country":"CA","sunrise":1733080623,"sunset":1733091114},"timezone":-25200,"id":6169740,"name":"Tsiigehtchic","cod":200}
2024-12-02T00:59:30.567-05:00  INFO 91884 --- [weather_alert_app] [Camel (camel-1) thread #1 - timer://weatherUpdate] route2                                   : Updating the weather...
2024-12-02T00:59:35.570-05:00  INFO 91884 --- [weather_alert_app] [Camel (camel-1) thread #1 - timer://weatherUpdate] route2                                   : Updating the weather...
2024-12-02T00:59:40.575-05:00  INFO 91884 --- [weather_alert_app] [Camel (camel-1) thread #1 - timer://weatherUpdate] route2                                   : Updating the weather...
2024-12-02T00:59:45.580-05:00  INFO 91884 --- [weather_alert_app] [Camel (camel-1) thread #1 - timer://weatherUpdate] route2                                   : Updating the weather...
2024-12-02T00:59:50.585-05:00  INFO 91884 --- [weather_alert_app] [Camel (camel-1) thread #1 - timer://weatherUpdate] route2                                   : Updating the weather...
2024-12-02T00:59:55.059-05:00  INFO 91884 --- [weather_alert_app] [SpringApplicationShutdownHook] o.a.c.impl.engine.AbstractCamelContext   : Apache Camel 4.6.0 (camel-1) is shutting down (timeout:45s)
2024-12-02T00:59:55.062-05:00  INFO 91884 --- [weather_alert_app] [SpringApplicationShutdownHook] o.a.c.impl.engine.AbstractCamelContext   : Routes stopped (total:2)
2024-12-02T00:59:55.062-05:00  INFO 91884 --- [weather_alert_app] [SpringApplicationShutdownHook] o.a.c.impl.engine.AbstractCamelContext   :     Stopped route2 (timer://weatherUpdate)
2024-12-02T00:59:55.062-05:00  INFO 91884 --- [weather_alert_app] [SpringApplicationShutdownHook] o.a.c.impl.engine.AbstractCamelContext   :     Stopped route1 (direct://fetchWeather)
2024-12-02T00:59:55.064-05:00  INFO 91884 --- [weather_alert_app] [SpringApplicationShutdownHook] o.a.c.impl.engine.AbstractCamelContext   : Apache Camel 4.6.0 (camel-1) shutdown in 4ms (uptime:1m0s)
2024-12-02T00:59:55.067-05:00  INFO 91884 --- [weather_alert_app] [SpringApplicationShutdownHook] j.LocalContainerEntityManagerFactoryBean : Closing JPA EntityManagerFactory for persistence unit 'default'
2024-12-02T00:59:55.070-05:00  WARN 91884 --- [weather_alert_app] [SpringApplicationShutdownHook] o.s.b.f.support.DisposableBeanAdapter    : Invocation of destroy method failed on bean with name 'inMemoryDatabaseShutdownExecutor': org.h2.jdbc.JdbcSQLNonTransientConnectionException: Database is already closed (to disable automatic closing at VM shutdown, add ";DB_CLOSE_ON_EXIT=FALSE" to the db URL) [90121-224]
2024-12-02T00:59:55.070-05:00  INFO 91884 --- [weather_alert_app] [SpringApplicationShutdownHook] com.zaxxer.hikari.HikariDataSource       : HikariPool-1 - Shutdown initiated...
2024-12-02T00:59:55.070-05:00  INFO 91884 --- [weather_alert_app] [SpringApplicationShutdownHook] com.zaxxer.hikari.HikariDataSource       : HikariPool-1 - Shutdown completed.
